# JRE version: OpenJDK Runtime Environment (16.0.2+7) (build 16.0.2+7-67)
# Java VM: OpenJDK 64-Bit Server VM (16.0.2+7-67, mixed mode, tiered, compressed oops, compressed class ptrs, g1 gc, windows-amd64)
GC Precious Log:
 CPUs: 12 total, 12 available
 Memory: 16250M
 Large Page Support: Disabled
 NUMA Support: Disabled
 Compressed Oops: Enabled (Zero based)
 Heap Region Size: 2M
 Heap Min Capacity: 8M
 Heap Initial Capacity: 254M
 Heap Max Capacity: 4064M
 Pre-touch: Disabled
 Parallel Workers: 10
 Concurrent Workers: 3
 Concurrent Refinement Workers: 10
 Periodic GC: Disabled
Heap:
 garbage-first heap   total 153600K, used 20415K [0x0000000702000000, 0x0000000800000000)
  region size 2048K, 8 young (16384K), 4 survivors (8192K)
 Metaspace       used 36031K, committed 36352K, reserved 1081344K
  class space    used 4369K, committed 4544K, reserved 1048576K
GC Heap History (16 events):
Event: 0.702 GC heap before
{Heap before GC invocations=0 (full 0):
 garbage-first heap   total 260096K, used 20480K [0x0000000702000000, 0x0000000800000000)
  region size 2048K, 11 young (22528K), 0 survivors (0K)
 Metaspace       used 14520K, committed 14720K, reserved 1064960K
  class space    used 1435K, committed 1536K, reserved 1048576K
}
Event: 0.706 GC heap after
{Heap after GC invocations=1 (full 0):
 garbage-first heap   total 260096K, used 5870K [0x0000000702000000, 0x0000000800000000)
  region size 2048K, 2 young (4096K), 2 survivors (4096K)
 Metaspace       used 14520K, committed 14720K, reserved 1064960K
  class space    used 1435K, committed 1536K, reserved 1048576K
}
Event: 0.884 GC heap before
{Heap before GC invocations=1 (full 0):
 garbage-first heap   total 260096K, used 30446K [0x0000000702000000, 0x0000000800000000)
  region size 2048K, 15 young (30720K), 2 survivors (4096K)
 Metaspace       used 18209K, committed 18368K, reserved 1064960K
  class space    used 1882K, committed 1984K, reserved 1048576K
}
Event: 0.886 GC heap after
{Heap after GC invocations=2 (full 0):
 garbage-first heap   total 260096K, used 7427K [0x0000000702000000, 0x0000000800000000)
  region size 2048K, 1 young (2048K), 1 survivors (2048K)
 Metaspace       used 18209K, committed 18368K, reserved 1064960K
  class space    used 1882K, committed 1984K, reserved 1048576K
}
Event: 1.035 GC heap before
{Heap before GC invocations=2 (full 0):
 garbage-first heap   total 260096K, used 36099K [0x0000000702000000, 0x0000000800000000)
  region size 2048K, 16 young (32768K), 1 survivors (2048K)
 Metaspace       used 21007K, committed 21248K, reserved 1073152K
  class space    used 2343K, committed 2496K, reserved 1048576K
}
Event: 1.037 GC heap after
{Heap after GC invocations=3 (full 0):
 garbage-first heap   total 260096K, used 8532K [0x0000000702000000, 0x0000000800000000)
  region size 2048K, 2 young (4096K), 2 survivors (4096K)
 Metaspace       used 21007K, committed 21248K, reserved 1073152K
  class space    used 2343K, committed 2496K, reserved 1048576K
}
Event: 1.107 GC heap before
{Heap before GC invocations=4 (full 0):
 garbage-first heap   total 40960K, used 37204K [0x0000000702000000, 0x0000000800000000)
  region size 2048K, 17 young (34816K), 2 survivors (4096K)
 Metaspace       used 23743K, committed 24064K, reserved 1073152K
  class space    used 2663K, committed 2816K, reserved 1048576K
}
Event: 1.109 GC heap after
{Heap after GC invocations=5 (full 0):
 garbage-first heap   total 45056K, used 8967K [0x0000000702000000, 0x0000000800000000)
  region size 2048K, 2 young (4096K), 2 survivors (4096K)
 Metaspace       used 23743K, committed 24064K, reserved 1073152K
  class space    used 2663K, committed 2816K, reserved 1048576K
}
Event: 1.150 GC heap before
{Heap before GC invocations=5 (full 0):
 garbage-first heap   total 45056K, used 25351K [0x0000000702000000, 0x0000000800000000)
  region size 2048K, 11 young (22528K), 2 survivors (4096K)
 Metaspace       used 25518K, committed 25792K, reserved 1073152K
  class space    used 2885K, committed 3008K, reserved 1048576K
}
Event: 1.152 GC heap after
{Heap after GC invocations=6 (full 0):
 garbage-first heap   total 45056K, used 9451K [0x0000000702000000, 0x0000000800000000)
  region size 2048K, 2 young (4096K), 2 survivors (4096K)
 Metaspace       used 25518K, committed 25792K, reserved 1073152K
  class space    used 2885K, committed 3008K, reserved 1048576K
}
Event: 1.190 GC heap before
{Heap before GC invocations=6 (full 0):
 garbage-first heap   total 45056K, used 27883K [0x0000000702000000, 0x0000000800000000)
  region size 2048K, 11 young (22528K), 2 survivors (4096K)
 Metaspace       used 26991K, committed 27264K, reserved 1081344K
  class space    used 3074K, committed 3200K, reserved 1048576K
}
Event: 1.191 GC heap after
{Heap after GC invocations=7 (full 0):
 garbage-first heap   total 153600K, used 9505K [0x0000000702000000, 0x0000000800000000)
  region size 2048K, 2 young (4096K), 2 survivors (4096K)
 Metaspace       used 26991K, committed 27264K, reserved 1081344K
  class space    used 3074K, committed 3200K, reserved 1048576K
}
Event: 1.482 GC heap before
{Heap before GC invocations=7 (full 0):
 garbage-first heap   total 153600K, used 95521K [0x0000000702000000, 0x0000000800000000)
  region size 2048K, 45 young (92160K), 2 survivors (4096K)
 Metaspace       used 30115K, committed 30464K, reserved 1081344K
  class space    used 3514K, committed 3712K, reserved 1048576K
}
Event: 1.485 GC heap after
{Heap after GC invocations=8 (full 0):
 garbage-first heap   total 153600K, used 11282K [0x0000000702000000, 0x0000000800000000)
  region size 2048K, 2 young (4096K), 2 survivors (4096K)
 Metaspace       used 30115K, committed 30464K, reserved 1081344K
  class space    used 3514K, committed 3712K, reserved 1048576K
}
Event: 1.860 GC heap before
{Heap before GC invocations=8 (full 0):
 garbage-first heap   total 153600K, used 74770K [0x0000000702000000, 0x0000000800000000)
  region size 2048K, 34 young (69632K), 2 survivors (4096K)
 Metaspace       used 35285K, committed 35648K, reserved 1081344K
  class space    used 4296K, committed 4480K, reserved 1048576K
}
Event: 1.864 GC heap after
{Heap after GC invocations=9 (full 0):
 garbage-first heap   total 153600K, used 14271K [0x0000000702000000, 0x0000000800000000)
  region size 2048K, 4 young (8192K), 4 survivors (8192K)
 Metaspace       used 35285K, committed 35648K, reserved 1081344K
  class space    used 4296K, committed 4480K, reserved 1048576K
}

