# JRE version: OpenJDK Runtime Environment (16.0.2+7) (build 16.0.2+7-67)
# Java VM: OpenJDK 64-Bit Server VM (16.0.2+7-67, mixed mode, tiered, compressed oops, compressed class ptrs, g1 gc, windows-amd64)
GC Precious Log:
 CPUs: 12 total, 12 available
 Memory: 16250M
 Large Page Support: Disabled
 NUMA Support: Disabled
 Compressed Oops: Enabled (Zero based)
 Heap Region Size: 2M
 Heap Min Capacity: 8M
 Heap Initial Capacity: 254M
 Heap Max Capacity: 4064M
 Pre-touch: Disabled
 Parallel Workers: 10
 Concurrent Workers: 3
 Concurrent Refinement Workers: 10
 Periodic GC: Disabled
Heap:
 garbage-first heap   total 153600K, used 69002K [0x0000000702000000, 0x0000000800000000)
  region size 2048K, 31 young (63488K), 2 survivors (4096K)
 Metaspace       used 34679K, committed 34944K, reserved 1081344K
  class space    used 4233K, committed 4352K, reserved 1048576K
GC Heap History (14 events):
Event: 0.522 GC heap before
{Heap before GC invocations=0 (full 0):
 garbage-first heap   total 260096K, used 20480K [0x0000000702000000, 0x0000000800000000)
  region size 2048K, 11 young (22528K), 0 survivors (0K)
 Metaspace       used 14858K, committed 15040K, reserved 1064960K
  class space    used 1483K, committed 1600K, reserved 1048576K
}
Event: 0.525 GC heap after
{Heap after GC invocations=1 (full 0):
 garbage-first heap   total 260096K, used 6008K [0x0000000702000000, 0x0000000800000000)
  region size 2048K, 2 young (4096K), 2 survivors (4096K)
 Metaspace       used 14858K, committed 15040K, reserved 1064960K
  class space    used 1483K, committed 1600K, reserved 1048576K
}
Event: 0.690 GC heap before
{Heap before GC invocations=1 (full 0):
 garbage-first heap   total 260096K, used 32632K [0x0000000702000000, 0x0000000800000000)
  region size 2048K, 15 young (30720K), 2 survivors (4096K)
 Metaspace       used 18182K, committed 18432K, reserved 1073152K
  class space    used 1906K, committed 1984K, reserved 1048576K
}
Event: 0.692 GC heap after
{Heap after GC invocations=2 (full 0):
 garbage-first heap   total 260096K, used 7889K [0x0000000702000000, 0x0000000800000000)
  region size 2048K, 1 young (2048K), 1 survivors (2048K)
 Metaspace       used 18182K, committed 18432K, reserved 1073152K
  class space    used 1906K, committed 1984K, reserved 1048576K
}
Event: 0.850 GC heap before
{Heap before GC invocations=2 (full 0):
 garbage-first heap   total 260096K, used 32465K [0x0000000702000000, 0x0000000800000000)
  region size 2048K, 14 young (28672K), 1 survivors (2048K)
 Metaspace       used 20970K, committed 21248K, reserved 1073152K
  class space    used 2316K, committed 2432K, reserved 1048576K
}
Event: 0.852 GC heap after
{Heap after GC invocations=3 (full 0):
 garbage-first heap   total 260096K, used 8674K [0x0000000702000000, 0x0000000800000000)
  region size 2048K, 2 young (4096K), 2 survivors (4096K)
 Metaspace       used 20970K, committed 21248K, reserved 1073152K
  class space    used 2316K, committed 2432K, reserved 1048576K
}
Event: 0.924 GC heap before
{Heap before GC invocations=4 (full 0):
 garbage-first heap   total 40960K, used 39394K [0x0000000702000000, 0x0000000800000000)
  region size 2048K, 17 young (34816K), 2 survivors (4096K)
 Metaspace       used 23572K, committed 23872K, reserved 1073152K
  class space    used 2629K, committed 2752K, reserved 1048576K
}
Event: 0.926 GC heap after
{Heap after GC invocations=5 (full 0):
 garbage-first heap   total 45056K, used 9329K [0x0000000702000000, 0x0000000800000000)
  region size 2048K, 2 young (4096K), 2 survivors (4096K)
 Metaspace       used 23572K, committed 23872K, reserved 1073152K
  class space    used 2629K, committed 2752K, reserved 1048576K
}
Event: 0.969 GC heap before
{Heap before GC invocations=5 (full 0):
 garbage-first heap   total 45056K, used 25713K [0x0000000702000000, 0x0000000800000000)
  region size 2048K, 11 young (22528K), 2 survivors (4096K)
 Metaspace       used 25383K, committed 25600K, reserved 1073152K
  class space    used 2854K, committed 2944K, reserved 1048576K
}
Event: 0.971 GC heap after
{Heap after GC invocations=6 (full 0):
 garbage-first heap   total 45056K, used 9639K [0x0000000702000000, 0x0000000800000000)
  region size 2048K, 1 young (2048K), 1 survivors (2048K)
 Metaspace       used 25383K, committed 25600K, reserved 1073152K
  class space    used 2854K, committed 2944K, reserved 1048576K
}
Event: 1.012 GC heap before
{Heap before GC invocations=6 (full 0):
 garbage-first heap   total 45056K, used 30119K [0x0000000702000000, 0x0000000800000000)
  region size 2048K, 11 young (22528K), 1 survivors (2048K)
 Metaspace       used 27008K, committed 27328K, reserved 1073152K
  class space    used 3066K, committed 3200K, reserved 1048576K
}
Event: 1.014 GC heap after
{Heap after GC invocations=7 (full 0):
 garbage-first heap   total 153600K, used 10053K [0x0000000702000000, 0x0000000800000000)
  region size 2048K, 2 young (4096K), 2 survivors (4096K)
 Metaspace       used 27008K, committed 27328K, reserved 1073152K
  class space    used 3066K, committed 3200K, reserved 1048576K
}
Event: 1.293 GC heap before
{Heap before GC invocations=7 (full 0):
 garbage-first heap   total 153600K, used 96069K [0x0000000702000000, 0x0000000800000000)
  region size 2048K, 45 young (92160K), 2 survivors (4096K)
 Metaspace       used 30127K, committed 30400K, reserved 1081344K
  class space    used 3504K, committed 3648K, reserved 1048576K
}
Event: 1.297 GC heap after
{Heap after GC invocations=8 (full 0):
 garbage-first heap   total 153600K, used 11658K [0x0000000702000000, 0x0000000800000000)
  region size 2048K, 2 young (4096K), 2 survivors (4096K)
 Metaspace       used 30127K, committed 30400K, reserved 1081344K
  class space    used 3504K, committed 3648K, reserved 1048576K
}

