# JRE version: OpenJDK Runtime Environment (16.0.2+7) (build 16.0.2+7-67)
# Java VM: OpenJDK 64-Bit Server VM (16.0.2+7-67, mixed mode, tiered, compressed oops, compressed class ptrs, g1 gc, windows-amd64)
GC Precious Log:
 CPUs: 12 total, 12 available
 Memory: 16250M
 Large Page Support: Disabled
 NUMA Support: Disabled
 Compressed Oops: Enabled (Zero based)
 Heap Region Size: 2M
 Heap Min Capacity: 8M
 Heap Initial Capacity: 254M
 Heap Max Capacity: 4064M
 Pre-touch: Disabled
 Parallel Workers: 10
 Concurrent Workers: 3
 Concurrent Refinement Workers: 10
 Periodic GC: Disabled
Heap:
 garbage-first heap   total 153600K, used 14028K [0x0000000702000000, 0x0000000800000000)
  region size 2048K, 5 young (10240K), 4 survivors (8192K)
 Metaspace       used 35306K, committed 35712K, reserved 1081344K
  class space    used 4298K, committed 4480K, reserved 1048576K
GC Heap History (16 events):
Event: 0.524 GC heap before
{Heap before GC invocations=0 (full 0):
 garbage-first heap   total 260096K, used 20480K [0x0000000702000000, 0x0000000800000000)
  region size 2048K, 11 young (22528K), 0 survivors (0K)
 Metaspace       used 14955K, committed 15168K, reserved 1064960K
  class space    used 1505K, committed 1600K, reserved 1048576K
}
Event: 0.528 GC heap after
{Heap after GC invocations=1 (full 0):
 garbage-first heap   total 260096K, used 5992K [0x0000000702000000, 0x0000000800000000)
  region size 2048K, 2 young (4096K), 2 survivors (4096K)
 Metaspace       used 14955K, committed 15168K, reserved 1064960K
  class space    used 1505K, committed 1600K, reserved 1048576K
}
Event: 0.702 GC heap before
{Heap before GC invocations=1 (full 0):
 garbage-first heap   total 260096K, used 32616K [0x0000000702000000, 0x0000000800000000)
  region size 2048K, 15 young (30720K), 2 survivors (4096K)
 Metaspace       used 18176K, committed 18496K, reserved 1073152K
  class space    used 1909K, committed 2048K, reserved 1048576K
}
Event: 0.705 GC heap after
{Heap after GC invocations=2 (full 0):
 garbage-first heap   total 260096K, used 7673K [0x0000000702000000, 0x0000000800000000)
  region size 2048K, 1 young (2048K), 1 survivors (2048K)
 Metaspace       used 18176K, committed 18496K, reserved 1073152K
  class space    used 1909K, committed 2048K, reserved 1048576K
}
Event: 0.868 GC heap before
{Heap before GC invocations=2 (full 0):
 garbage-first heap   total 260096K, used 34297K [0x0000000702000000, 0x0000000800000000)
  region size 2048K, 15 young (30720K), 1 survivors (2048K)
 Metaspace       used 20941K, committed 21248K, reserved 1073152K
  class space    used 2335K, committed 2496K, reserved 1048576K
}
Event: 0.870 GC heap after
{Heap after GC invocations=3 (full 0):
 garbage-first heap   total 260096K, used 8644K [0x0000000702000000, 0x0000000800000000)
  region size 2048K, 2 young (4096K), 2 survivors (4096K)
 Metaspace       used 20941K, committed 21248K, reserved 1073152K
  class space    used 2335K, committed 2496K, reserved 1048576K
}
Event: 0.938 GC heap before
{Heap before GC invocations=4 (full 0):
 garbage-first heap   total 40960K, used 39364K [0x0000000702000000, 0x0000000800000000)
  region size 2048K, 17 young (34816K), 2 survivors (4096K)
 Metaspace       used 23694K, committed 23936K, reserved 1073152K
  class space    used 2656K, committed 2752K, reserved 1048576K
}
Event: 0.940 GC heap after
{Heap after GC invocations=5 (full 0):
 garbage-first heap   total 45056K, used 9040K [0x0000000702000000, 0x0000000800000000)
  region size 2048K, 2 young (4096K), 2 survivors (4096K)
 Metaspace       used 23694K, committed 23936K, reserved 1073152K
  class space    used 2656K, committed 2752K, reserved 1048576K
}
Event: 0.983 GC heap before
{Heap before GC invocations=5 (full 0):
 garbage-first heap   total 45056K, used 25424K [0x0000000702000000, 0x0000000800000000)
  region size 2048K, 11 young (22528K), 2 survivors (4096K)
 Metaspace       used 25476K, committed 25728K, reserved 1073152K
  class space    used 2875K, committed 3008K, reserved 1048576K
}
Event: 0.985 GC heap after
{Heap after GC invocations=6 (full 0):
 garbage-first heap   total 45056K, used 9347K [0x0000000702000000, 0x0000000800000000)
  region size 2048K, 1 young (2048K), 1 survivors (2048K)
 Metaspace       used 25476K, committed 25728K, reserved 1073152K
  class space    used 2875K, committed 3008K, reserved 1048576K
}
Event: 1.025 GC heap before
{Heap before GC invocations=6 (full 0):
 garbage-first heap   total 45056K, used 29827K [0x0000000702000000, 0x0000000800000000)
  region size 2048K, 11 young (22528K), 1 survivors (2048K)
 Metaspace       used 27120K, committed 27456K, reserved 1073152K
  class space    used 3089K, committed 3264K, reserved 1048576K
}
Event: 1.027 GC heap after
{Heap after GC invocations=7 (full 0):
 garbage-first heap   total 153600K, used 9460K [0x0000000702000000, 0x0000000800000000)
  region size 2048K, 1 young (2048K), 1 survivors (2048K)
 Metaspace       used 27120K, committed 27456K, reserved 1073152K
  class space    used 3089K, committed 3264K, reserved 1048576K
}
Event: 1.341 GC heap before
{Heap before GC invocations=7 (full 0):
 garbage-first heap   total 153600K, used 97524K [0x0000000702000000, 0x0000000800000000)
  region size 2048K, 45 young (92160K), 1 survivors (2048K)
 Metaspace       used 30298K, committed 30656K, reserved 1081344K
  class space    used 3547K, committed 3712K, reserved 1048576K
}
Event: 1.345 GC heap after
{Heap after GC invocations=8 (full 0):
 garbage-first heap   total 153600K, used 11405K [0x0000000702000000, 0x0000000800000000)
  region size 2048K, 2 young (4096K), 2 survivors (4096K)
 Metaspace       used 30298K, committed 30656K, reserved 1081344K
  class space    used 3547K, committed 3712K, reserved 1048576K
}
Event: 1.706 GC heap before
{Heap before GC invocations=8 (full 0):
 garbage-first heap   total 153600K, used 70797K [0x0000000702000000, 0x0000000800000000)
  region size 2048K, 32 young (65536K), 2 survivors (4096K)
 Metaspace       used 35278K, committed 35648K, reserved 1081344K
  class space    used 4296K, committed 4480K, reserved 1048576K
}
Event: 1.711 GC heap after
{Heap after GC invocations=9 (full 0):
 garbage-first heap   total 153600K, used 14028K [0x0000000702000000, 0x0000000800000000)
  region size 2048K, 4 young (8192K), 4 survivors (8192K)
 Metaspace       used 35278K, committed 35648K, reserved 1081344K
  class space    used 4296K, committed 4480K, reserved 1048576K
}

